0 info it worked if it ends with ok
1 verbose cli [ '/usr/local/bin/node', '/usr/local/bin/npm', 'run', 'lint' ]
2 info using npm@2.11.3
3 info using node@v0.12.7
4 verbose run-script [ 'prelint', 'lint', 'postlint' ]
5 info prelint service_calculator@1.0.0
6 info lint service_calculator@1.0.0
7 verbose unsafe-perm in lifecycle true
8 info service_calculator@1.0.0 Failed to exec lint script
9 verbose stack Error: service_calculator@1.0.0 lint: `eslint js/`
9 verbose stack Exit status 1
9 verbose stack     at EventEmitter.<anonymous> (/usr/local/lib/node_modules/npm/lib/utils/lifecycle.js:213:16)
9 verbose stack     at EventEmitter.emit (events.js:110:17)
9 verbose stack     at ChildProcess.<anonymous> (/usr/local/lib/node_modules/npm/lib/utils/spawn.js:24:14)
9 verbose stack     at ChildProcess.emit (events.js:110:17)
9 verbose stack     at maybeClose (child_process.js:1015:16)
9 verbose stack     at Process.ChildProcess._handle.onexit (child_process.js:1087:5)
10 verbose pkgid service_calculator@1.0.0
11 verbose cwd /home/natac/Documents/JavaScript/ElectricalProjects/appartment
12 error Linux 3.16.0-46-generic
13 error argv "/usr/local/bin/node" "/usr/local/bin/npm" "run" "lint"
14 error node v0.12.7
15 error npm  v2.11.3
16 error code ELIFECYCLE
17 error service_calculator@1.0.0 lint: `eslint js/`
17 error Exit status 1
18 error Failed at the service_calculator@1.0.0 lint script 'eslint js/'.
18 error This is most likely a problem with the service_calculator package,
18 error not with npm itself.
18 error Tell the author that this fails on your system:
18 error     eslint js/
18 error You can get their info via:
18 error     npm owner ls service_calculator
18 error There is likely additional logging output above.
19 verbose exit [ 1, true ]
